<?xml version="1.0" encoding="UTF-8"?>
<testsuite name="com.csc.TestTriangleNumberCalculator" tests="7" skipped="0" failures="0" errors="0" timestamp="2024-10-22T17:22:29" hostname="Melissas-MacBook-Pro.local" time="0.012">
  <properties/>
  <testcase name="testSubtractFunction()" classname="com.csc.TestTriangleNumberCalculator" time="0.007"/>
  <testcase name="testValueFunction()" classname="com.csc.TestTriangleNumberCalculator" time="0.0"/>
  <testcase name="testSubtractTwoAndThree()" classname="com.csc.TestTriangleNumberCalculator" time="0.0"/>
  <testcase name="testAddFunctionTwoAndThree()" classname="com.csc.TestTriangleNumberCalculator" time="0.001"/>
  <testcase name="testAddFunction()" classname="com.csc.TestTriangleNumberCalculator" time="0.001"/>
  <testcase name="testValueForThree()" classname="com.csc.TestTriangleNumberCalculator" time="0.001"/>
  <testcase name="testValueForTwo()" classname="com.csc.TestTriangleNumberCalculator" time="0.0"/>
  <system-out><![CDATA[]]></system-out>
  <system-err><![CDATA[]]></system-err>
</testsuite>
